# Logfile created on 2014-04-23 13:46:57 +0200 by logger.rb/41954
I, [2014-04-23T13:46:57.986906 #3339]  INFO -- : 0:  addressable (2.3.5) from /Users/penso/.rvm/gems/ruby-2.0.0-p353/specifications/addressable-2.3.5.gemspec
I, [2014-04-23T13:46:57.989533 #3339]  INFO -- : 0:  extlib (0.9.16) from /Users/penso/.rvm/gems/ruby-2.0.0-p353/specifications/extlib-0.9.16.gemspec
I, [2014-04-23T13:46:57.989973 #3339]  INFO -- : 0:  multi_json (1.8.2) from /Users/penso/.rvm/gems/ruby-2.0.0-p353/specifications/multi_json-1.8.2.gemspec
I, [2014-04-23T13:46:57.990410 #3339]  INFO -- : 0:  autoparse (0.3.3) from /Users/penso/.rvm/gems/ruby-2.0.0-p353/specifications/autoparse-0.3.3.gemspec
I, [2014-04-23T13:46:58.871606 #3339]  INFO -- : 0:  blankslate (2.1.2.4) from /Users/penso/.rvm/gems/ruby-2.0.0-p353/specifications/blankslate-2.1.2.4.gemspec
I, [2014-04-23T13:46:58.872105 #3339]  INFO -- : 0:  columnize (0.3.6) from /Users/penso/.rvm/gems/ruby-2.0.0-p353/specifications/columnize-0.3.6.gemspec
I, [2014-04-23T13:46:58.872460 #3339]  INFO -- : 0:  debugger-linecache (1.2.0) from /Users/penso/.rvm/gems/ruby-2.0.0-p353/specifications/debugger-linecache-1.2.0.gemspec
I, [2014-04-23T13:47:01.106206 #3339]  INFO -- : 0:  byebug (2.3.1) from /Users/penso/.rvm/gems/ruby-2.0.0-p353/specifications/byebug-2.3.1.gemspec
I, [2014-04-23T13:47:01.106925 #3339]  INFO -- : 0:  chronic (0.10.2) from /Users/penso/.rvm/gems/ruby-2.0.0-p353/specifications/chronic-0.10.2.gemspec
I, [2014-04-23T13:47:01.107321 #3339]  INFO -- : 0:  fast-stemmer (1.0.2) from /Users/penso/.rvm/gems/ruby-2.0.0-p353/specifications/fast-stemmer-1.0.2.gemspec
I, [2014-04-23T13:47:01.107697 #3339]  INFO -- : 0:  classifier (1.3.4) from /Users/penso/.rvm/gems/ruby-2.0.0-p353/specifications/classifier-1.3.4.gemspec
I, [2014-04-23T13:47:01.108078 #3339]  INFO -- : 0:  colorator (0.1) from /Users/penso/.rvm/gems/ruby-2.0.0-p353/specifications/colorator-0.1.gemspec
I, [2014-04-23T13:47:02.128963 #3339]  INFO -- : 0:  highline (1.6.21) from /Users/penso/.rvm/gems/ruby-2.0.0-p353/specifications/highline-1.6.21.gemspec
I, [2014-04-23T13:47:03.031304 #3339]  INFO -- : 0:  commander (4.1.6) from /Users/penso/.rvm/gems/ruby-2.0.0-p353/specifications/commander-4.1.6.gemspec
I, [2014-04-23T13:47:03.031735 #3339]  INFO -- : 0:  json (1.8.1) from /Users/penso/.rvm/gems/ruby-2.0.0-p353/specifications/json-1.8.1.gemspec
I, [2014-04-23T13:47:04.350166 #3339]  INFO -- : 0:  rdoc (4.0.1) from /Users/penso/.rvm/gems/ruby-2.0.0-p353/specifications/rdoc-4.0.1.gemspec
I, [2014-04-23T13:47:04.350649 #3339]  INFO -- : 0:  css_parser (1.2.6) from /Users/penso/.rvm/gems/ruby-2.0.0-p353/specifications/css_parser-1.2.6.gemspec
I, [2014-04-23T13:47:04.350946 #3339]  INFO -- : 0:  mini_portile (0.5.2) from /Users/penso/.rvm/gems/ruby-2.0.0-p353/specifications/mini_portile-0.5.2.gemspec
I, [2014-04-23T13:48:51.478436 #3339]  INFO -- : 0:  nokogiri (1.6.0) from /Users/penso/.rvm/gems/ruby-2.0.0-p353/specifications/nokogiri-1.6.0.gemspec
I, [2014-04-23T13:48:51.479233 #3339]  INFO -- : 0:  deadweight (0.2.2) from /Users/penso/.rvm/gems/ruby-2.0.0-p353/specifications/deadweight-0.2.2.gemspec
I, [2014-04-23T13:48:53.206828 #3339]  INFO -- : 0:  diff-lcs (1.2.4) from /Users/penso/.rvm/gems/ruby-2.0.0-p353/specifications/diff-lcs-1.2.4.gemspec
I, [2014-04-23T13:48:54.115063 #3339]  INFO -- : 0:  directory_watcher (1.5.1) from /Users/penso/.rvm/gems/ruby-2.0.0-p353/specifications/directory_watcher-1.5.1.gemspec
I, [2014-04-23T13:48:54.115836 #3339]  INFO -- : 0:  multipart-post (1.2.0) from /Users/penso/.rvm/gems/ruby-2.0.0-p353/specifications/multipart-post-1.2.0.gemspec
I, [2014-04-23T13:48:55.042734 #3339]  INFO -- : 0:  faraday (0.8.8) from /Users/penso/.rvm/gems/ruby-2.0.0-p353/specifications/faraday-0.8.8.gemspec
I, [2014-04-23T13:48:55.043236 #3339]  INFO -- : 0:  ffi (1.9.3) from /Users/penso/.rvm/gems/ruby-2.0.0-p353/specifications/ffi-1.9.3.gemspec
I, [2014-04-23T13:48:55.874909 #3339]  INFO -- : 0:  jwt (0.1.8) from /Users/penso/.rvm/gems/ruby-2.0.0-p353/specifications/jwt-0.1.8.gemspec
I, [2014-04-23T13:48:56.760805 #3339]  INFO -- : 0:  launchy (2.3.0) from /Users/penso/.rvm/gems/ruby-2.0.0-p353/specifications/launchy-2.3.0.gemspec
I, [2014-04-23T13:48:57.740054 #3339]  INFO -- : 0:  signet (0.4.5) from /Users/penso/.rvm/gems/ruby-2.0.0-p353/specifications/signet-0.4.5.gemspec
I, [2014-04-23T13:48:57.740540 #3339]  INFO -- : 0:  uuidtools (2.1.4) from /Users/penso/.rvm/gems/ruby-2.0.0-p353/specifications/uuidtools-2.1.4.gemspec
I, [2014-04-23T13:48:58.640993 #3339]  INFO -- : 0:  google-api-client (0.6.4) from /Users/penso/.rvm/gems/ruby-2.0.0-p353/specifications/google-api-client-0.6.4.gemspec
I, [2014-04-23T13:48:58.641521 #3339]  INFO -- : 0:  htmlentities (4.3.1) from /Users/penso/.rvm/gems/ruby-2.0.0-p353/specifications/htmlentities-4.3.1.gemspec
I, [2014-04-23T13:48:58.641864 #3339]  INFO -- : 0:  liquid (2.5.5) from /Users/penso/.rvm/gems/ruby-2.0.0-p353/specifications/liquid-2.5.5.gemspec
I, [2014-04-23T13:48:58.642244 #3339]  INFO -- : 0:  rb-fsevent (0.9.4) from /Users/penso/.rvm/gems/ruby-2.0.0-p353/specifications/rb-fsevent-0.9.4.gemspec
I, [2014-04-23T13:48:58.642624 #3339]  INFO -- : 0:  rb-inotify (0.9.3) from /Users/penso/.rvm/gems/ruby-2.0.0-p353/specifications/rb-inotify-0.9.3.gemspec
I, [2014-04-23T13:48:58.642949 #3339]  INFO -- : 0:  rb-kqueue (0.2.2) from /Users/penso/.rvm/gems/ruby-2.0.0-p353/specifications/rb-kqueue-0.2.2.gemspec
I, [2014-04-23T13:48:58.643310 #3339]  INFO -- : 0:  listen (1.3.1) from /Users/penso/.rvm/gems/ruby-2.0.0-p353/specifications/listen-1.3.1.gemspec
I, [2014-04-23T13:48:59.741652 #3339]  INFO -- : 0:  maruku (0.7.0) from /Users/penso/.rvm/gems/ruby-2.0.0-p353/specifications/maruku-0.7.0.gemspec
I, [2014-04-23T13:48:59.742252 #3339]  INFO -- : 0:  posix-spawn (0.3.8) from /Users/penso/.rvm/gems/ruby-2.0.0-p353/specifications/posix-spawn-0.3.8.gemspec
I, [2014-04-23T13:48:59.742620 #3339]  INFO -- : 0:  yajl-ruby (1.1.0) from /Users/penso/.rvm/gems/ruby-2.0.0-p353/specifications/yajl-ruby-1.1.0.gemspec
I, [2014-04-23T13:48:59.743052 #3339]  INFO -- : 0:  pygments.rb (0.5.4) from /Users/penso/.rvm/gems/ruby-2.0.0-p353/specifications/pygments.rb-0.5.4.gemspec
I, [2014-04-23T13:49:02.684842 #3339]  INFO -- : 0:  redcarpet (2.3.0) from /Users/penso/.rvm/gems/ruby-2.0.0-p353/specifications/redcarpet-2.3.0.gemspec
I, [2014-04-23T13:49:03.574496 #3339]  INFO -- : 0:  safe_yaml (1.0.3) from /Users/penso/.rvm/gems/ruby-2.0.0-p353/specifications/safe_yaml-1.0.3.gemspec
I, [2014-04-23T13:49:04.532275 #3339]  INFO -- : 0:  parslet (1.5.0) from /Users/penso/.rvm/gems/ruby-2.0.0-p353/specifications/parslet-1.5.0.gemspec
I, [2014-04-23T13:49:05.414549 #3339]  INFO -- : 0:  toml (0.1.1) from /Users/penso/.rvm/gems/ruby-2.0.0-p353/specifications/toml-0.1.1.gemspec
I, [2014-04-23T13:49:06.596929 #3339]  INFO -- : 0:  jekyll (1.5.1) from /Users/penso/.rvm/gems/ruby-2.0.0-p353/specifications/jekyll-1.5.1.gemspec
I, [2014-04-23T13:49:06.597390 #3339]  INFO -- : 0:  kramdown (1.2.0) from /Users/penso/.rvm/gems/ruby-2.0.0-p353/specifications/kramdown-1.2.0.gemspec
I, [2014-04-23T13:49:07.518160 #3339]  INFO -- : 0:  mime-types (1.25) from /Users/penso/.rvm/gems/ruby-2.0.0-p353/specifications/mime-types-1.25.gemspec
I, [2014-04-23T13:49:07.518618 #3339]  INFO -- : 0:  polyglot (0.3.3) from /Users/penso/.rvm/gems/ruby-2.0.0-p353/specifications/polyglot-0.3.3.gemspec
I, [2014-04-23T13:49:07.518904 #3339]  INFO -- : 0:  treetop (1.4.15) from /Users/penso/.rvm/gems/ruby-2.0.0-p353/specifications/treetop-1.4.15.gemspec
I, [2014-04-23T13:49:07.519180 #3339]  INFO -- : 0:  mail (2.5.4) from /Users/penso/.rvm/gems/ruby-2.0.0-p353/specifications/mail-2.5.4.gemspec
I, [2014-04-23T13:49:09.513528 #3339]  INFO -- : 0:  psych (2.0.1) from /Users/penso/.rvm/gems/ruby-2.0.0-p353/specifications/psych-2.0.1.gemspec
I, [2014-04-23T13:49:09.514785 #3339]  INFO -- : 0:  pygmentize (0.0.3) from /Users/penso/.rvm/gems/ruby-2.0.0-p353/specifications/pygmentize-0.0.3.gemspec
I, [2014-04-23T13:49:10.609481 #3339]  INFO -- : 0:  rspec-core (2.14.6) from /Users/penso/.rvm/gems/ruby-2.0.0-p353/specifications/rspec-core-2.14.6.gemspec
I, [2014-04-23T13:49:11.599829 #3339]  INFO -- : 0:  rspec-expectations (2.14.3) from /Users/penso/.rvm/gems/ruby-2.0.0-p353/specifications/rspec-expectations-2.14.3.gemspec
I, [2014-04-23T13:49:11.600283 #3339]  INFO -- : 0:  rspec-mocks (2.14.4) from /Users/penso/.rvm/gems/ruby-2.0.0-p353/specifications/rspec-mocks-2.14.4.gemspec
I, [2014-04-23T13:49:11.600696 #3339]  INFO -- : 0:  rspec (2.14.1) from /Users/penso/.rvm/gems/ruby-2.0.0-p353/specifications/rspec-2.14.1.gemspec
I, [2014-04-23T13:49:13.136491 #3339]  INFO -- : 0:  sequel (4.3.0) from /Users/penso/.rvm/gems/ruby-2.0.0-p353/specifications/sequel-4.3.0.gemspec
I, [2014-04-23T13:49:13.137156 #3339]  INFO -- : 0:  bundler (1.5.1) from /Users/penso/.rvm/gems/ruby-2.0.0-p353@global/specifications/bundler-1.5.1.gemspec
I, [2014-04-23T13:50:30.508145 #20052]  INFO -- : 0:  addressable (2.3.5) from /Users/penso/.rvm/gems/ruby-2.0.0-p353/specifications/addressable-2.3.5.gemspec
I, [2014-04-23T13:50:30.508903 #20052]  INFO -- : 0:  extlib (0.9.16) from /Users/penso/.rvm/gems/ruby-2.0.0-p353/specifications/extlib-0.9.16.gemspec
I, [2014-04-23T13:50:30.509219 #20052]  INFO -- : 0:  multi_json (1.8.2) from /Users/penso/.rvm/gems/ruby-2.0.0-p353/specifications/multi_json-1.8.2.gemspec
I, [2014-04-23T13:50:30.509498 #20052]  INFO -- : 0:  autoparse (0.3.3) from /Users/penso/.rvm/gems/ruby-2.0.0-p353/specifications/autoparse-0.3.3.gemspec
I, [2014-04-23T13:50:30.509771 #20052]  INFO -- : 0:  blankslate (2.1.2.4) from /Users/penso/.rvm/gems/ruby-2.0.0-p353/specifications/blankslate-2.1.2.4.gemspec
I, [2014-04-23T13:50:30.510040 #20052]  INFO -- : 0:  columnize (0.3.6) from /Users/penso/.rvm/gems/ruby-2.0.0-p353/specifications/columnize-0.3.6.gemspec
I, [2014-04-23T13:50:30.510310 #20052]  INFO -- : 0:  debugger-linecache (1.2.0) from /Users/penso/.rvm/gems/ruby-2.0.0-p353/specifications/debugger-linecache-1.2.0.gemspec
I, [2014-04-23T13:50:30.510608 #20052]  INFO -- : 0:  byebug (2.3.1) from /Users/penso/.rvm/gems/ruby-2.0.0-p353/specifications/byebug-2.3.1.gemspec
I, [2014-04-23T13:50:30.510875 #20052]  INFO -- : 0:  chronic (0.10.2) from /Users/penso/.rvm/gems/ruby-2.0.0-p353/specifications/chronic-0.10.2.gemspec
I, [2014-04-23T13:50:30.511138 #20052]  INFO -- : 0:  fast-stemmer (1.0.2) from /Users/penso/.rvm/gems/ruby-2.0.0-p353/specifications/fast-stemmer-1.0.2.gemspec
I, [2014-04-23T13:50:30.511404 #20052]  INFO -- : 0:  classifier (1.3.4) from /Users/penso/.rvm/gems/ruby-2.0.0-p353/specifications/classifier-1.3.4.gemspec
I, [2014-04-23T13:50:31.560354 #20052]  INFO -- : 0:  coderay (1.1.0) from /Users/penso/.rvm/gems/ruby-2.0.0-p353/specifications/coderay-1.1.0.gemspec
I, [2014-04-23T13:50:31.560882 #20052]  INFO -- : 0:  colorator (0.1) from /Users/penso/.rvm/gems/ruby-2.0.0-p353/specifications/colorator-0.1.gemspec
I, [2014-04-23T13:50:31.561310 #20052]  INFO -- : 0:  highline (1.6.21) from /Users/penso/.rvm/gems/ruby-2.0.0-p353/specifications/highline-1.6.21.gemspec
I, [2014-04-23T13:50:31.561707 #20052]  INFO -- : 0:  commander (4.1.6) from /Users/penso/.rvm/gems/ruby-2.0.0-p353/specifications/commander-4.1.6.gemspec
I, [2014-04-23T13:50:31.562235 #20052]  INFO -- : 0:  json (1.8.1) from /Users/penso/.rvm/gems/ruby-2.0.0-p353/specifications/json-1.8.1.gemspec
I, [2014-04-23T13:50:31.562600 #20052]  INFO -- : 0:  rdoc (4.0.1) from /Users/penso/.rvm/gems/ruby-2.0.0-p353/specifications/rdoc-4.0.1.gemspec
I, [2014-04-23T13:50:31.562982 #20052]  INFO -- : 0:  css_parser (1.2.6) from /Users/penso/.rvm/gems/ruby-2.0.0-p353/specifications/css_parser-1.2.6.gemspec
I, [2014-04-23T13:50:31.563331 #20052]  INFO -- : 0:  mini_portile (0.5.2) from /Users/penso/.rvm/gems/ruby-2.0.0-p353/specifications/mini_portile-0.5.2.gemspec
I, [2014-04-23T13:50:31.563680 #20052]  INFO -- : 0:  nokogiri (1.6.0) from /Users/penso/.rvm/gems/ruby-2.0.0-p353/specifications/nokogiri-1.6.0.gemspec
I, [2014-04-23T13:50:31.564025 #20052]  INFO -- : 0:  deadweight (0.2.2) from /Users/penso/.rvm/gems/ruby-2.0.0-p353/specifications/deadweight-0.2.2.gemspec
I, [2014-04-23T13:50:31.564375 #20052]  INFO -- : 0:  diff-lcs (1.2.4) from /Users/penso/.rvm/gems/ruby-2.0.0-p353/specifications/diff-lcs-1.2.4.gemspec
I, [2014-04-23T13:50:31.564734 #20052]  INFO -- : 0:  directory_watcher (1.5.1) from /Users/penso/.rvm/gems/ruby-2.0.0-p353/specifications/directory_watcher-1.5.1.gemspec
I, [2014-04-23T13:50:31.565079 #20052]  INFO -- : 0:  eventmachine (1.0.3) from /Users/penso/.rvm/gems/ruby-2.0.0-p353/specifications/eventmachine-1.0.3.gemspec
I, [2014-04-23T13:50:31.565418 #20052]  INFO -- : 0:  http_parser.rb (0.5.3) from /Users/penso/.rvm/gems/ruby-2.0.0-p353/specifications/http_parser.rb-0.5.3.gemspec
I, [2014-04-23T13:50:31.565753 #20052]  INFO -- : 0:  em-websocket (0.5.0) from /Users/penso/.rvm/gems/ruby-2.0.0-p353/specifications/em-websocket-0.5.0.gemspec
I, [2014-04-23T13:50:31.566160 #20052]  INFO -- : 0:  multipart-post (1.2.0) from /Users/penso/.rvm/gems/ruby-2.0.0-p353/specifications/multipart-post-1.2.0.gemspec
I, [2014-04-23T13:50:31.566547 #20052]  INFO -- : 0:  faraday (0.8.8) from /Users/penso/.rvm/gems/ruby-2.0.0-p353/specifications/faraday-0.8.8.gemspec
I, [2014-04-23T13:50:31.566882 #20052]  INFO -- : 0:  ffi (1.9.3) from /Users/penso/.rvm/gems/ruby-2.0.0-p353/specifications/ffi-1.9.3.gemspec
I, [2014-04-23T13:50:32.420875 #20052]  INFO -- : 0:  formatador (0.2.4) from /Users/penso/.rvm/gems/ruby-2.0.0-p353/specifications/formatador-0.2.4.gemspec
I, [2014-04-23T13:50:32.421992 #20052]  INFO -- : 0:  jwt (0.1.8) from /Users/penso/.rvm/gems/ruby-2.0.0-p353/specifications/jwt-0.1.8.gemspec
I, [2014-04-23T13:50:32.422775 #20052]  INFO -- : 0:  launchy (2.3.0) from /Users/penso/.rvm/gems/ruby-2.0.0-p353/specifications/launchy-2.3.0.gemspec
I, [2014-04-23T13:50:32.423330 #20052]  INFO -- : 0:  signet (0.4.5) from /Users/penso/.rvm/gems/ruby-2.0.0-p353/specifications/signet-0.4.5.gemspec
I, [2014-04-23T13:50:32.423761 #20052]  INFO -- : 0:  uuidtools (2.1.4) from /Users/penso/.rvm/gems/ruby-2.0.0-p353/specifications/uuidtools-2.1.4.gemspec
I, [2014-04-23T13:50:32.424269 #20052]  INFO -- : 0:  google-api-client (0.6.4) from /Users/penso/.rvm/gems/ruby-2.0.0-p353/specifications/google-api-client-0.6.4.gemspec
I, [2014-04-23T13:50:32.424810 #20052]  INFO -- : 0:  rb-fsevent (0.9.4) from /Users/penso/.rvm/gems/ruby-2.0.0-p353/specifications/rb-fsevent-0.9.4.gemspec
I, [2014-04-23T13:50:32.425323 #20052]  INFO -- : 0:  rb-inotify (0.9.3) from /Users/penso/.rvm/gems/ruby-2.0.0-p353/specifications/rb-inotify-0.9.3.gemspec
I, [2014-04-23T13:50:32.425684 #20052]  INFO -- : 0:  rb-kqueue (0.2.2) from /Users/penso/.rvm/gems/ruby-2.0.0-p353/specifications/rb-kqueue-0.2.2.gemspec
I, [2014-04-23T13:50:32.426096 #20052]  INFO -- : 0:  listen (1.3.1) from /Users/penso/.rvm/gems/ruby-2.0.0-p353/specifications/listen-1.3.1.gemspec
I, [2014-04-23T13:50:33.302657 #20052]  INFO -- : 0:  lumberjack (1.0.5) from /Users/penso/.rvm/gems/ruby-2.0.0-p353/specifications/lumberjack-1.0.5.gemspec
I, [2014-04-23T13:50:34.185188 #20052]  INFO -- : 0:  method_source (0.8.2) from /Users/penso/.rvm/gems/ruby-2.0.0-p353/specifications/method_source-0.8.2.gemspec
I, [2014-04-23T13:50:35.035902 #20052]  INFO -- : 0:  slop (3.5.0) from /Users/penso/.rvm/gems/ruby-2.0.0-p353/specifications/slop-3.5.0.gemspec
I, [2014-04-23T13:50:36.163532 #20052]  INFO -- : 0:  pry (0.9.12.6) from /Users/penso/.rvm/gems/ruby-2.0.0-p353/specifications/pry-0.9.12.6.gemspec
I, [2014-04-23T13:50:37.174898 #20052]  INFO -- : 0:  thor (0.19.1) from /Users/penso/.rvm/gems/ruby-2.0.0-p353/specifications/thor-0.19.1.gemspec
I, [2014-04-23T13:50:38.221880 #20052]  INFO -- : 0:  guard (1.8.3) from /Users/penso/.rvm/gems/ruby-2.0.0-p353/specifications/guard-1.8.3.gemspec
I, [2014-04-23T13:50:38.222638 #20052]  INFO -- : 0:  liquid (2.5.5) from /Users/penso/.rvm/gems/ruby-2.0.0-p353/specifications/liquid-2.5.5.gemspec
I, [2014-04-23T13:50:38.223151 #20052]  INFO -- : 0:  maruku (0.7.0) from /Users/penso/.rvm/gems/ruby-2.0.0-p353/specifications/maruku-0.7.0.gemspec
I, [2014-04-23T13:50:38.223583 #20052]  INFO -- : 0:  posix-spawn (0.3.8) from /Users/penso/.rvm/gems/ruby-2.0.0-p353/specifications/posix-spawn-0.3.8.gemspec
I, [2014-04-23T13:50:38.224090 #20052]  INFO -- : 0:  yajl-ruby (1.1.0) from /Users/penso/.rvm/gems/ruby-2.0.0-p353/specifications/yajl-ruby-1.1.0.gemspec
I, [2014-04-23T13:50:38.224637 #20052]  INFO -- : 0:  pygments.rb (0.5.4) from /Users/penso/.rvm/gems/ruby-2.0.0-p353/specifications/pygments.rb-0.5.4.gemspec
I, [2014-04-23T13:50:38.225497 #20052]  INFO -- : 0:  redcarpet (2.3.0) from /Users/penso/.rvm/gems/ruby-2.0.0-p353/specifications/redcarpet-2.3.0.gemspec
I, [2014-04-23T13:50:38.225900 #20052]  INFO -- : 0:  safe_yaml (1.0.3) from /Users/penso/.rvm/gems/ruby-2.0.0-p353/specifications/safe_yaml-1.0.3.gemspec
I, [2014-04-23T13:50:38.226248 #20052]  INFO -- : 0:  parslet (1.5.0) from /Users/penso/.rvm/gems/ruby-2.0.0-p353/specifications/parslet-1.5.0.gemspec
I, [2014-04-23T13:50:38.226590 #20052]  INFO -- : 0:  toml (0.1.1) from /Users/penso/.rvm/gems/ruby-2.0.0-p353/specifications/toml-0.1.1.gemspec
I, [2014-04-23T13:50:38.226948 #20052]  INFO -- : 0:  jekyll (1.5.1) from /Users/penso/.rvm/gems/ruby-2.0.0-p353/specifications/jekyll-1.5.1.gemspec
I, [2014-04-23T13:50:39.063466 #20052]  INFO -- : 0:  guard-jekyll (1.4.0) from /Users/penso/.rvm/gems/ruby-2.0.0-p353/specifications/guard-jekyll-1.4.0.gemspec
I, [2014-04-23T13:50:39.953599 #20052]  INFO -- : 0:  guard-livereload (1.4.0) from /Users/penso/.rvm/gems/ruby-2.0.0-p353/specifications/guard-livereload-1.4.0.gemspec
I, [2014-04-23T13:50:39.954042 #20052]  INFO -- : 0:  htmlentities (4.3.1) from /Users/penso/.rvm/gems/ruby-2.0.0-p353/specifications/htmlentities-4.3.1.gemspec
I, [2014-04-23T13:50:39.954341 #20052]  INFO -- : 0:  kramdown (1.2.0) from /Users/penso/.rvm/gems/ruby-2.0.0-p353/specifications/kramdown-1.2.0.gemspec
I, [2014-04-23T13:50:39.954652 #20052]  INFO -- : 0:  mime-types (1.25) from /Users/penso/.rvm/gems/ruby-2.0.0-p353/specifications/mime-types-1.25.gemspec
I, [2014-04-23T13:50:39.954930 #20052]  INFO -- : 0:  polyglot (0.3.3) from /Users/penso/.rvm/gems/ruby-2.0.0-p353/specifications/polyglot-0.3.3.gemspec
I, [2014-04-23T13:50:39.955204 #20052]  INFO -- : 0:  treetop (1.4.15) from /Users/penso/.rvm/gems/ruby-2.0.0-p353/specifications/treetop-1.4.15.gemspec
I, [2014-04-23T13:50:39.955473 #20052]  INFO -- : 0:  mail (2.5.4) from /Users/penso/.rvm/gems/ruby-2.0.0-p353/specifications/mail-2.5.4.gemspec
I, [2014-04-23T13:50:39.955750 #20052]  INFO -- : 0:  psych (2.0.1) from /Users/penso/.rvm/gems/ruby-2.0.0-p353/specifications/psych-2.0.1.gemspec
I, [2014-04-23T13:50:39.956023 #20052]  INFO -- : 0:  pygmentize (0.0.3) from /Users/penso/.rvm/gems/ruby-2.0.0-p353/specifications/pygmentize-0.0.3.gemspec
I, [2014-04-23T13:50:39.956308 #20052]  INFO -- : 0:  rspec-core (2.14.6) from /Users/penso/.rvm/gems/ruby-2.0.0-p353/specifications/rspec-core-2.14.6.gemspec
I, [2014-04-23T13:50:39.956593 #20052]  INFO -- : 0:  rspec-expectations (2.14.3) from /Users/penso/.rvm/gems/ruby-2.0.0-p353/specifications/rspec-expectations-2.14.3.gemspec
I, [2014-04-23T13:50:39.956868 #20052]  INFO -- : 0:  rspec-mocks (2.14.4) from /Users/penso/.rvm/gems/ruby-2.0.0-p353/specifications/rspec-mocks-2.14.4.gemspec
I, [2014-04-23T13:50:39.957143 #20052]  INFO -- : 0:  rspec (2.14.1) from /Users/penso/.rvm/gems/ruby-2.0.0-p353/specifications/rspec-2.14.1.gemspec
I, [2014-04-23T13:50:39.957442 #20052]  INFO -- : 0:  sequel (4.3.0) from /Users/penso/.rvm/gems/ruby-2.0.0-p353/specifications/sequel-4.3.0.gemspec
I, [2014-04-23T13:50:39.957722 #20052]  INFO -- : 0:  bundler (1.5.1) from /Users/penso/.rvm/gems/ruby-2.0.0-p353@global/specifications/bundler-1.5.1.gemspec
I, [2014-04-23T13:53:20.774415 #20229]  INFO -- : 0:  addressable (2.3.5) from /Users/penso/.rvm/gems/ruby-2.0.0-p353/specifications/addressable-2.3.5.gemspec
I, [2014-04-23T13:53:20.775196 #20229]  INFO -- : 0:  extlib (0.9.16) from /Users/penso/.rvm/gems/ruby-2.0.0-p353/specifications/extlib-0.9.16.gemspec
I, [2014-04-23T13:53:20.775512 #20229]  INFO -- : 0:  multi_json (1.8.2) from /Users/penso/.rvm/gems/ruby-2.0.0-p353/specifications/multi_json-1.8.2.gemspec
I, [2014-04-23T13:53:20.775797 #20229]  INFO -- : 0:  autoparse (0.3.3) from /Users/penso/.rvm/gems/ruby-2.0.0-p353/specifications/autoparse-0.3.3.gemspec
I, [2014-04-23T13:53:20.776126 #20229]  INFO -- : 0:  blankslate (2.1.2.4) from /Users/penso/.rvm/gems/ruby-2.0.0-p353/specifications/blankslate-2.1.2.4.gemspec
I, [2014-04-23T13:53:20.776432 #20229]  INFO -- : 0:  columnize (0.3.6) from /Users/penso/.rvm/gems/ruby-2.0.0-p353/specifications/columnize-0.3.6.gemspec
I, [2014-04-23T13:53:20.776730 #20229]  INFO -- : 0:  debugger-linecache (1.2.0) from /Users/penso/.rvm/gems/ruby-2.0.0-p353/specifications/debugger-linecache-1.2.0.gemspec
I, [2014-04-23T13:53:20.777052 #20229]  INFO -- : 0:  byebug (2.3.1) from /Users/penso/.rvm/gems/ruby-2.0.0-p353/specifications/byebug-2.3.1.gemspec
I, [2014-04-23T13:53:20.777321 #20229]  INFO -- : 0:  chronic (0.10.2) from /Users/penso/.rvm/gems/ruby-2.0.0-p353/specifications/chronic-0.10.2.gemspec
I, [2014-04-23T13:53:20.777594 #20229]  INFO -- : 0:  fast-stemmer (1.0.2) from /Users/penso/.rvm/gems/ruby-2.0.0-p353/specifications/fast-stemmer-1.0.2.gemspec
I, [2014-04-23T13:53:20.777900 #20229]  INFO -- : 0:  classifier (1.3.4) from /Users/penso/.rvm/gems/ruby-2.0.0-p353/specifications/classifier-1.3.4.gemspec
I, [2014-04-23T13:53:20.778183 #20229]  INFO -- : 0:  coderay (1.1.0) from /Users/penso/.rvm/gems/ruby-2.0.0-p353/specifications/coderay-1.1.0.gemspec
I, [2014-04-23T13:53:20.778453 #20229]  INFO -- : 0:  colorator (0.1) from /Users/penso/.rvm/gems/ruby-2.0.0-p353/specifications/colorator-0.1.gemspec
I, [2014-04-23T13:53:20.778731 #20229]  INFO -- : 0:  highline (1.6.21) from /Users/penso/.rvm/gems/ruby-2.0.0-p353/specifications/highline-1.6.21.gemspec
I, [2014-04-23T13:53:20.779087 #20229]  INFO -- : 0:  commander (4.1.6) from /Users/penso/.rvm/gems/ruby-2.0.0-p353/specifications/commander-4.1.6.gemspec
I, [2014-04-23T13:53:20.779411 #20229]  INFO -- : 0:  json (1.8.1) from /Users/penso/.rvm/gems/ruby-2.0.0-p353/specifications/json-1.8.1.gemspec
I, [2014-04-23T13:53:20.779746 #20229]  INFO -- : 0:  rdoc (4.0.1) from /Users/penso/.rvm/gems/ruby-2.0.0-p353/specifications/rdoc-4.0.1.gemspec
I, [2014-04-23T13:53:20.780273 #20229]  INFO -- : 0:  css_parser (1.2.6) from /Users/penso/.rvm/gems/ruby-2.0.0-p353/specifications/css_parser-1.2.6.gemspec
I, [2014-04-23T13:53:20.780613 #20229]  INFO -- : 0:  mini_portile (0.5.2) from /Users/penso/.rvm/gems/ruby-2.0.0-p353/specifications/mini_portile-0.5.2.gemspec
I, [2014-04-23T13:53:20.780969 #20229]  INFO -- : 0:  nokogiri (1.6.0) from /Users/penso/.rvm/gems/ruby-2.0.0-p353/specifications/nokogiri-1.6.0.gemspec
I, [2014-04-23T13:53:20.781334 #20229]  INFO -- : 0:  deadweight (0.2.2) from /Users/penso/.rvm/gems/ruby-2.0.0-p353/specifications/deadweight-0.2.2.gemspec
I, [2014-04-23T13:53:20.781622 #20229]  INFO -- : 0:  diff-lcs (1.2.4) from /Users/penso/.rvm/gems/ruby-2.0.0-p353/specifications/diff-lcs-1.2.4.gemspec
I, [2014-04-23T13:53:20.781930 #20229]  INFO -- : 0:  directory_watcher (1.5.1) from /Users/penso/.rvm/gems/ruby-2.0.0-p353/specifications/directory_watcher-1.5.1.gemspec
I, [2014-04-23T13:53:20.782253 #20229]  INFO -- : 0:  eventmachine (1.0.3) from /Users/penso/.rvm/gems/ruby-2.0.0-p353/specifications/eventmachine-1.0.3.gemspec
I, [2014-04-23T13:53:20.782533 #20229]  INFO -- : 0:  http_parser.rb (0.5.3) from /Users/penso/.rvm/gems/ruby-2.0.0-p353/specifications/http_parser.rb-0.5.3.gemspec
I, [2014-04-23T13:53:20.782818 #20229]  INFO -- : 0:  em-websocket (0.5.0) from /Users/penso/.rvm/gems/ruby-2.0.0-p353/specifications/em-websocket-0.5.0.gemspec
I, [2014-04-23T13:53:20.783110 #20229]  INFO -- : 0:  multipart-post (1.2.0) from /Users/penso/.rvm/gems/ruby-2.0.0-p353/specifications/multipart-post-1.2.0.gemspec
I, [2014-04-23T13:53:20.783450 #20229]  INFO -- : 0:  faraday (0.8.8) from /Users/penso/.rvm/gems/ruby-2.0.0-p353/specifications/faraday-0.8.8.gemspec
I, [2014-04-23T13:53:20.783723 #20229]  INFO -- : 0:  ffi (1.9.3) from /Users/penso/.rvm/gems/ruby-2.0.0-p353/specifications/ffi-1.9.3.gemspec
I, [2014-04-23T13:53:20.784009 #20229]  INFO -- : 0:  formatador (0.2.4) from /Users/penso/.rvm/gems/ruby-2.0.0-p353/specifications/formatador-0.2.4.gemspec
I, [2014-04-23T13:53:20.784365 #20229]  INFO -- : 0:  jwt (0.1.8) from /Users/penso/.rvm/gems/ruby-2.0.0-p353/specifications/jwt-0.1.8.gemspec
I, [2014-04-23T13:53:20.784699 #20229]  INFO -- : 0:  launchy (2.3.0) from /Users/penso/.rvm/gems/ruby-2.0.0-p353/specifications/launchy-2.3.0.gemspec
I, [2014-04-23T13:53:20.820994 #20229]  INFO -- : 0:  signet (0.4.5) from /Users/penso/.rvm/gems/ruby-2.0.0-p353/specifications/signet-0.4.5.gemspec
I, [2014-04-23T13:53:20.821476 #20229]  INFO -- : 0:  uuidtools (2.1.4) from /Users/penso/.rvm/gems/ruby-2.0.0-p353/specifications/uuidtools-2.1.4.gemspec
I, [2014-04-23T13:53:20.821955 #20229]  INFO -- : 0:  google-api-client (0.6.4) from /Users/penso/.rvm/gems/ruby-2.0.0-p353/specifications/google-api-client-0.6.4.gemspec
I, [2014-04-23T13:53:20.822394 #20229]  INFO -- : 0:  rb-fsevent (0.9.4) from /Users/penso/.rvm/gems/ruby-2.0.0-p353/specifications/rb-fsevent-0.9.4.gemspec
I, [2014-04-23T13:53:20.822837 #20229]  INFO -- : 0:  rb-inotify (0.9.3) from /Users/penso/.rvm/gems/ruby-2.0.0-p353/specifications/rb-inotify-0.9.3.gemspec
I, [2014-04-23T13:53:20.823355 #20229]  INFO -- : 0:  rb-kqueue (0.2.2) from /Users/penso/.rvm/gems/ruby-2.0.0-p353/specifications/rb-kqueue-0.2.2.gemspec
I, [2014-04-23T13:53:20.823699 #20229]  INFO -- : 0:  listen (1.3.1) from /Users/penso/.rvm/gems/ruby-2.0.0-p353/specifications/listen-1.3.1.gemspec
I, [2014-04-23T13:53:20.824286 #20229]  INFO -- : 0:  lumberjack (1.0.5) from /Users/penso/.rvm/gems/ruby-2.0.0-p353/specifications/lumberjack-1.0.5.gemspec
I, [2014-04-23T13:53:20.824863 #20229]  INFO -- : 0:  method_source (0.8.2) from /Users/penso/.rvm/gems/ruby-2.0.0-p353/specifications/method_source-0.8.2.gemspec
I, [2014-04-23T13:53:20.825318 #20229]  INFO -- : 0:  slop (3.5.0) from /Users/penso/.rvm/gems/ruby-2.0.0-p353/specifications/slop-3.5.0.gemspec
I, [2014-04-23T13:53:20.825646 #20229]  INFO -- : 0:  pry (0.9.12.6) from /Users/penso/.rvm/gems/ruby-2.0.0-p353/specifications/pry-0.9.12.6.gemspec
I, [2014-04-23T13:53:20.825996 #20229]  INFO -- : 0:  thor (0.19.1) from /Users/penso/.rvm/gems/ruby-2.0.0-p353/specifications/thor-0.19.1.gemspec
I, [2014-04-23T13:53:20.826316 #20229]  INFO -- : 0:  guard (1.8.3) from /Users/penso/.rvm/gems/ruby-2.0.0-p353/specifications/guard-1.8.3.gemspec
I, [2014-04-23T13:53:20.826750 #20229]  INFO -- : 0:  liquid (2.5.5) from /Users/penso/.rvm/gems/ruby-2.0.0-p353/specifications/liquid-2.5.5.gemspec
I, [2014-04-23T13:53:20.827314 #20229]  INFO -- : 0:  maruku (0.7.0) from /Users/penso/.rvm/gems/ruby-2.0.0-p353/specifications/maruku-0.7.0.gemspec
I, [2014-04-23T13:53:20.827811 #20229]  INFO -- : 0:  posix-spawn (0.3.8) from /Users/penso/.rvm/gems/ruby-2.0.0-p353/specifications/posix-spawn-0.3.8.gemspec
I, [2014-04-23T13:53:20.828317 #20229]  INFO -- : 0:  yajl-ruby (1.1.0) from /Users/penso/.rvm/gems/ruby-2.0.0-p353/specifications/yajl-ruby-1.1.0.gemspec
I, [2014-04-23T13:53:20.828808 #20229]  INFO -- : 0:  pygments.rb (0.5.4) from /Users/penso/.rvm/gems/ruby-2.0.0-p353/specifications/pygments.rb-0.5.4.gemspec
I, [2014-04-23T13:53:20.829301 #20229]  INFO -- : 0:  redcarpet (2.3.0) from /Users/penso/.rvm/gems/ruby-2.0.0-p353/specifications/redcarpet-2.3.0.gemspec
I, [2014-04-23T13:53:20.829796 #20229]  INFO -- : 0:  safe_yaml (1.0.3) from /Users/penso/.rvm/gems/ruby-2.0.0-p353/specifications/safe_yaml-1.0.3.gemspec
I, [2014-04-23T13:53:20.831212 #20229]  INFO -- : 0:  parslet (1.5.0) from /Users/penso/.rvm/gems/ruby-2.0.0-p353/specifications/parslet-1.5.0.gemspec
I, [2014-04-23T13:53:20.832168 #20229]  INFO -- : 0:  toml (0.1.1) from /Users/penso/.rvm/gems/ruby-2.0.0-p353/specifications/toml-0.1.1.gemspec
I, [2014-04-23T13:53:20.833033 #20229]  INFO -- : 0:  jekyll (1.5.1) from /Users/penso/.rvm/gems/ruby-2.0.0-p353/specifications/jekyll-1.5.1.gemspec
I, [2014-04-23T13:53:21.766984 #20229]  INFO -- : 0:  guard-jekyll-plus (1.4.10) from /Users/penso/.rvm/gems/ruby-2.0.0-p353/specifications/guard-jekyll-plus-1.4.10.gemspec
I, [2014-04-23T13:53:21.767466 #20229]  INFO -- : 0:  guard-livereload (1.4.0) from /Users/penso/.rvm/gems/ruby-2.0.0-p353/specifications/guard-livereload-1.4.0.gemspec
I, [2014-04-23T13:53:21.767759 #20229]  INFO -- : 0:  htmlentities (4.3.1) from /Users/penso/.rvm/gems/ruby-2.0.0-p353/specifications/htmlentities-4.3.1.gemspec
I, [2014-04-23T13:53:21.768060 #20229]  INFO -- : 0:  kramdown (1.2.0) from /Users/penso/.rvm/gems/ruby-2.0.0-p353/specifications/kramdown-1.2.0.gemspec
I, [2014-04-23T13:53:21.768394 #20229]  INFO -- : 0:  mime-types (1.25) from /Users/penso/.rvm/gems/ruby-2.0.0-p353/specifications/mime-types-1.25.gemspec
I, [2014-04-23T13:53:21.768843 #20229]  INFO -- : 0:  polyglot (0.3.3) from /Users/penso/.rvm/gems/ruby-2.0.0-p353/specifications/polyglot-0.3.3.gemspec
I, [2014-04-23T13:53:21.769230 #20229]  INFO -- : 0:  treetop (1.4.15) from /Users/penso/.rvm/gems/ruby-2.0.0-p353/specifications/treetop-1.4.15.gemspec
I, [2014-04-23T13:53:21.769619 #20229]  INFO -- : 0:  mail (2.5.4) from /Users/penso/.rvm/gems/ruby-2.0.0-p353/specifications/mail-2.5.4.gemspec
I, [2014-04-23T13:53:21.770006 #20229]  INFO -- : 0:  psych (2.0.1) from /Users/penso/.rvm/gems/ruby-2.0.0-p353/specifications/psych-2.0.1.gemspec
I, [2014-04-23T13:53:21.770375 #20229]  INFO -- : 0:  pygmentize (0.0.3) from /Users/penso/.rvm/gems/ruby-2.0.0-p353/specifications/pygmentize-0.0.3.gemspec
I, [2014-04-23T13:53:21.770774 #20229]  INFO -- : 0:  rspec-core (2.14.6) from /Users/penso/.rvm/gems/ruby-2.0.0-p353/specifications/rspec-core-2.14.6.gemspec
I, [2014-04-23T13:53:21.771166 #20229]  INFO -- : 0:  rspec-expectations (2.14.3) from /Users/penso/.rvm/gems/ruby-2.0.0-p353/specifications/rspec-expectations-2.14.3.gemspec
I, [2014-04-23T13:53:21.771570 #20229]  INFO -- : 0:  rspec-mocks (2.14.4) from /Users/penso/.rvm/gems/ruby-2.0.0-p353/specifications/rspec-mocks-2.14.4.gemspec
I, [2014-04-23T13:53:21.772001 #20229]  INFO -- : 0:  rspec (2.14.1) from /Users/penso/.rvm/gems/ruby-2.0.0-p353/specifications/rspec-2.14.1.gemspec
I, [2014-04-23T13:53:21.772538 #20229]  INFO -- : 0:  sequel (4.3.0) from /Users/penso/.rvm/gems/ruby-2.0.0-p353/specifications/sequel-4.3.0.gemspec
I, [2014-04-23T13:53:21.773049 #20229]  INFO -- : 0:  bundler (1.5.1) from /Users/penso/.rvm/gems/ruby-2.0.0-p353@global/specifications/bundler-1.5.1.gemspec
